2021-03-08 00:38:47.317  WARN 49406 --- [HikariPool-1 housekeeper] com.zaxxer.hikari.pool.HikariPool        : HikariPool-1 - Thread starvation or clock leap detected (housekeeper delta=2h35m50s132ms).
2021-03-08 00:49:18.420  WARN 49406 --- [HikariPool-1 housekeeper] com.zaxxer.hikari.pool.HikariPool        : HikariPool-1 - Thread starvation or clock leap detected (housekeeper delta=10m31s648ms).
2021-03-08 00:53:39.215  WARN 49406 --- [HikariPool-1 housekeeper] com.zaxxer.hikari.pool.HikariPool        : HikariPool-1 - Thread starvation or clock leap detected (housekeeper delta=4m20s853ms).
2021-03-08 00:56:31.722  WARN 49406 --- [HikariPool-1 housekeeper] com.zaxxer.hikari.pool.HikariPool        : HikariPool-1 - Thread starvation or clock leap detected (housekeeper delta=2m52s453ms).
2021-03-08 04:57:02.266  WARN 49406 --- [HikariPool-1 housekeeper] com.zaxxer.hikari.pool.HikariPool        : HikariPool-1 - Thread starvation or clock leap detected (housekeeper delta=4h30s599ms).
2021-03-08 08:59:02.148  WARN 49406 --- [HikariPool-1 housekeeper] com.zaxxer.hikari.pool.HikariPool        : HikariPool-1 - Thread starvation or clock leap detected (housekeeper delta=4h1m59s875ms).
2021-03-08 09:13:49.476  WARN 49406 --- [HikariPool-1 housekeeper] com.zaxxer.hikari.pool.HikariPool        : HikariPool-1 - Thread starvation or clock leap detected (housekeeper delta=14m47s335ms).
2021-03-08 09:38:57.972  WARN 49406 --- [HikariPool-1 housekeeper] com.zaxxer.hikari.pool.HikariPool        : HikariPool-1 - Thread starvation or clock leap detected (housekeeper delta=25m8s495ms).
2021-03-08 10:03:18.192  WARN 49406 --- [HikariPool-1 housekeeper] com.zaxxer.hikari.pool.HikariPool        : HikariPool-1 - Thread starvation or clock leap detected (housekeeper delta=7m50s83ms).
2021-03-08 10:06:21.699  WARN 49406 --- [HikariPool-1 housekeeper] com.zaxxer.hikari.pool.HikariPool        : HikariPool-1 - Thread starvation or clock leap detected (housekeeper delta=2m33s537ms).
2021-03-08 10:26:08.878  INFO 49406 --- [Thread-5] o.s.s.concurrent.ThreadPoolTaskExecutor  : Shutting down ExecutorService 'applicationTaskExecutor'
2021-03-08 10:26:08.891  INFO 49406 --- [Thread-5] j.LocalContainerEntityManagerFactoryBean : Closing JPA EntityManagerFactory for persistence unit 'default'
2021-03-08 10:26:08.974  INFO 49406 --- [Thread-5] com.zaxxer.hikari.HikariDataSource       : HikariPool-1 - Shutdown initiated...
2021-03-08 10:26:09.044  INFO 49406 --- [Thread-5] com.zaxxer.hikari.HikariDataSource       : HikariPool-1 - Shutdown completed.
2021-03-08 10:26:09.775  INFO 49406 --- [restartedMain] c.example.demo.SpringBootMvcApplication  : Starting SpringBootMvcApplication using Java 15.0.1 on Yus-MacBook-Pro.local with PID 49406 (/Users/yu/git/Spring-Tool-Suite-spring-springboot-with-spring-framework/SpringBootMVC/target/classes started by yu in /Users/yu/git/Spring-Tool-Suite-spring-springboot-with-spring-framework/SpringBootMVC)
2021-03-08 10:26:09.776  INFO 49406 --- [restartedMain] c.example.demo.SpringBootMvcApplication  : No active profile set, falling back to default profiles: default
2021-03-08 10:26:10.037  INFO 49406 --- [restartedMain] .s.d.r.c.RepositoryConfigurationDelegate : Bootstrapping Spring Data JPA repositories in DEFAULT mode.
2021-03-08 10:26:10.049  INFO 49406 --- [restartedMain] .s.d.r.c.RepositoryConfigurationDelegate : Finished Spring Data repository scanning in 7 ms. Found 1 JPA repository interfaces.
2021-03-08 10:26:10.171  INFO 49406 --- [restartedMain] o.s.b.w.embedded.tomcat.TomcatWebServer  : Tomcat initialized with port(s): 8080 (http)
2021-03-08 10:26:10.172  INFO 49406 --- [restartedMain] o.apache.catalina.core.StandardService   : Starting service [Tomcat]
2021-03-08 10:26:10.172  INFO 49406 --- [restartedMain] org.apache.catalina.core.StandardEngine  : Starting Servlet engine: [Apache Tomcat/9.0.41]
2021-03-08 10:26:10.214  INFO 49406 --- [restartedMain] org.apache.jasper.servlet.TldScanner     : At least one JAR was scanned for TLDs yet contained no TLDs. Enable debug logging for this logger for a complete list of JARs that were scanned but no TLDs were found in them. Skipping unneeded JARs during scanning can improve startup time and JSP compilation time.
2021-03-08 10:26:10.215  INFO 49406 --- [restartedMain] o.a.c.c.C.[Tomcat].[localhost].[/]       : Initializing Spring embedded WebApplicationContext
2021-03-08 10:26:10.216  INFO 49406 --- [restartedMain] w.s.c.ServletWebServerApplicationContext : Root WebApplicationContext: initialization completed in 431 ms
2021-03-08 10:26:10.248  INFO 49406 --- [restartedMain] com.zaxxer.hikari.HikariDataSource       : HikariPool-2 - Starting...
2021-03-08 10:26:10.341  INFO 49406 --- [restartedMain] com.zaxxer.hikari.HikariDataSource       : HikariPool-2 - Start completed.
2021-03-08 10:26:10.346  INFO 49406 --- [restartedMain] o.hibernate.jpa.internal.util.LogHelper  : HHH000204: Processing PersistenceUnitInfo [name: default]
2021-03-08 10:26:10.350  INFO 49406 --- [restartedMain] org.hibernate.dialect.Dialect            : HHH000400: Using dialect: org.hibernate.dialect.MySQL5Dialect
2021-03-08 10:26:10.374  INFO 49406 --- [restartedMain] o.h.e.t.j.p.i.JtaPlatformInitiator       : HHH000490: Using JtaPlatform implementation: [org.hibernate.engine.transaction.jta.platform.internal.NoJtaPlatform]
2021-03-08 10:26:10.375  INFO 49406 --- [restartedMain] j.LocalContainerEntityManagerFactoryBean : Initialized JPA EntityManagerFactory for persistence unit 'default'
2021-03-08 10:26:10.466  WARN 49406 --- [restartedMain] JpaBaseConfiguration$JpaWebConfiguration : spring.jpa.open-in-view is enabled by default. Therefore, database queries may be performed during view rendering. Explicitly configure spring.jpa.open-in-view to disable this warning
2021-03-08 10:26:10.501  INFO 49406 --- [restartedMain] o.s.s.concurrent.ThreadPoolTaskExecutor  : Initializing ExecutorService 'applicationTaskExecutor'
2021-03-08 10:26:10.518  INFO 49406 --- [restartedMain] o.s.b.a.w.s.WelcomePageHandlerMapping    : Adding welcome page template: index
2021-03-08 10:26:10.568  INFO 49406 --- [restartedMain] o.s.b.d.a.OptionalLiveReloadServer       : LiveReload server is running on port 35729
2021-03-08 10:26:10.592  INFO 49406 --- [restartedMain] o.s.b.w.embedded.tomcat.TomcatWebServer  : Tomcat started on port(s): 8080 (http) with context path ''
2021-03-08 10:26:10.597  INFO 49406 --- [restartedMain] c.example.demo.SpringBootMvcApplication  : Started SpringBootMvcApplication in 1.108 seconds (JVM running for 2784.519)
2021-03-08 10:26:10.598  INFO 49406 --- [restartedMain] .ConditionEvaluationDeltaLoggingListener : Condition evaluation unchanged
